<!DOCTYPE html PUBLIC "-//W3C//DTD XHTML 1.0 Transitional//EN" "http://www.w3.org/TR/xhtml1/DTD/xhtml1-transitional.dtd">
<!-- Generated by Apache Maven Doxia Site Renderer 1.8.1 at 2019-09-26 -->
<html xmlns="http://www.w3.org/1999/xhtml" xml:lang="en" lang="en">
  <head>
    <meta http-equiv="Content-Type" content="text/html; charset=UTF-8" />
    <title>Surefire Report</title>
    <style type="text/css" media="all">
      @import url("./css/maven-base.css");
      @import url("./css/maven-theme.css");
      @import url("./css/site.css");
    </style>
    <link rel="stylesheet" href="./css/print.css" type="text/css" media="print" />
    <meta http-equiv="Content-Language" content="en" />
    
  </head>
  <body class="composite">
    <div id="banner">
      <div class="clear">
        <hr/>
      </div>
    </div>
    <div id="breadcrumbs">
      <div class="xleft">
        <span id="publishDate">Last Published: 2019-09-26</span>
          &nbsp;| <span id="projectVersion">Version: 1.0-SNAPSHOT</span>
      </div>
      <div class="xright">      </div>
      <div class="clear">
        <hr/>
      </div>
    </div>
    <div id="leftColumn">
      <div id="navcolumn">
      <a href="http://maven.apache.org/" title="Built by Maven" class="poweredBy">
        <img class="poweredBy" alt="Built by Maven" src="./images/logos/maven-feather.png" />
      </a>
      </div>
    </div>
    <div id="bodyColumn">
      <div id="contentBox">
<script type="application/javascript">
//<![CDATA[
function toggleDisplay(elementId) {
 var elm = document.getElementById(elementId + '-error');
 if (elm == null) {
  elm = document.getElementById(elementId + '-failure');
 }
 if (elm && typeof elm.style != "undefined") {
  if (elm.style.display == "none") {
   elm.style.display = "";
   document.getElementById(elementId + '-off').style.display = "none";
   document.getElementById(elementId + '-on').style.display = "inline";
  } else if (elm.style.display == "") {   elm.style.display = "none";
   document.getElementById(elementId + '-off').style.display = "inline";
   document.getElementById(elementId + '-on').style.display = "none";
  } 
 } 
 }
//]]>
</script>
<div class="section">
<h2><a name="Surefire_Report"></a>Surefire Report</h2></div>
<div class="section">
<h2><a name="Summary"></a>Summary</h2><a name="Summary"></a>
<p>[<a href="#Summary">Summary</a>] [<a href="#Package_List">Package List</a>] [<a href="#Test_Cases">Test Cases</a>]</p><br />
<table border="1" class="bodyTable">
<tr class="a">
<th>Tests</th>
<th>Errors</th>
<th>Failures</th>
<th>Skipped</th>
<th>Success Rate</th>
<th>Time</th></tr>
<tr class="b">
<td>22</td>
<td>12</td>
<td>0</td>
<td>0</td>
<td>45.455%</td>
<td>14.697</td></tr></table><br />
<p>Note: failures are anticipated and checked for with assertions while errors are unanticipated.</p><br /></div>
<div class="section">
<h2><a name="Package_List"></a>Package List</h2><a name="Package_List"></a>
<p>[<a href="#Summary">Summary</a>] [<a href="#Package_List">Package List</a>] [<a href="#Test_Cases">Test Cases</a>]</p><br />
<table border="1" class="bodyTable">
<tr class="a">
<th>Package</th>
<th>Tests</th>
<th>Errors</th>
<th>Failures</th>
<th>Skipped</th>
<th>Success Rate</th>
<th>Time</th></tr>
<tr class="b">
<td><a href="#com.qa">com.qa</a></td>
<td>13</td>
<td>12</td>
<td>0</td>
<td>0</td>
<td>7.692%</td>
<td>3.139</td></tr>
<tr class="a">
<td><a href="#com.qa.controllers">com.qa.controllers</a></td>
<td>9</td>
<td>0</td>
<td>0</td>
<td>0</td>
<td>100%</td>
<td>11.558</td></tr></table><br />
<p>Note: package statistics are not computed recursively, they only sum up all of its testsuites numbers.</p>
<div class="section">
<h3><a name="com.qa"></a>com.qa</h3><a name="com.qa"></a>
<table border="1" class="bodyTable">
<tr class="a">
<th></th>
<th>Class</th>
<th>Tests</th>
<th>Errors</th>
<th>Failures</th>
<th>Skipped</th>
<th>Success Rate</th>
<th>Time</th></tr>
<tr class="b">
<td><a href="#com.qa.SeleniumTest"><img src="images/icon_error_sml.gif" alt="" /></a></td>
<td><a href="#com.qa.SeleniumTest">SeleniumTest</a></td>
<td>12</td>
<td>12</td>
<td>0</td>
<td>0</td>
<td>0%</td>
<td>0.279</td></tr>
<tr class="a">
<td><a href="#com.qa.AppTest"><img src="images/icon_success_sml.gif" alt="" /></a></td>
<td><a href="#com.qa.AppTest">AppTest</a></td>
<td>1</td>
<td>0</td>
<td>0</td>
<td>0</td>
<td>100%</td>
<td>2.86</td></tr></table></div>
<div class="section">
<h3><a name="com.qa.controllers"></a>com.qa.controllers</h3><a name="com.qa.controllers"></a>
<table border="1" class="bodyTable">
<tr class="a">
<th></th>
<th>Class</th>
<th>Tests</th>
<th>Errors</th>
<th>Failures</th>
<th>Skipped</th>
<th>Success Rate</th>
<th>Time</th></tr>
<tr class="b">
<td><a href="#com.qa.controllers.ImageControllerTest"><img src="images/icon_success_sml.gif" alt="" /></a></td>
<td><a href="#com.qa.controllers.ImageControllerTest">ImageControllerTest</a></td>
<td>4</td>
<td>0</td>
<td>0</td>
<td>0</td>
<td>100%</td>
<td>11.431</td></tr>
<tr class="a">
<td><a href="#com.qa.controllers.RatingControllerTest"><img src="images/icon_success_sml.gif" alt="" /></a></td>
<td><a href="#com.qa.controllers.RatingControllerTest">RatingControllerTest</a></td>
<td>5</td>
<td>0</td>
<td>0</td>
<td>0</td>
<td>100%</td>
<td>0.127</td></tr></table></div><br /></div>
<div class="section">
<h2><a name="Test_Cases"></a>Test Cases</h2><a name="Test_Cases"></a>
<p>[<a href="#Summary">Summary</a>] [<a href="#Package_List">Package List</a>] [<a href="#Test_Cases">Test Cases</a>]</p>
<div class="section">
<h3><a name="ImageControllerTest"></a>ImageControllerTest</h3><a name="com.qa.controllers.ImageControllerTest"></a>
<table border="1" class="bodyTable">
<tr class="a">
<td><img src="images/icon_success_sml.gif" alt="" /></td>
<td><a name="TC_com.qa.controllers.ImageControllerTest.testDeleteImage"></a>testDeleteImage</td>
<td>0.044</td></tr>
<tr class="b">
<td><img src="images/icon_success_sml.gif" alt="" /></td>
<td><a name="TC_com.qa.controllers.ImageControllerTest.testGetImage"></a>testGetImage</td>
<td>0.004</td></tr>
<tr class="a">
<td><img src="images/icon_success_sml.gif" alt="" /></td>
<td><a name="TC_com.qa.controllers.ImageControllerTest.testAddImage"></a>testAddImage</td>
<td>0.005</td></tr>
<tr class="b">
<td><img src="images/icon_success_sml.gif" alt="" /></td>
<td><a name="TC_com.qa.controllers.ImageControllerTest.testListAllImages"></a>testListAllImages</td>
<td>0.003</td></tr></table></div>
<div class="section">
<h3><a name="SeleniumTest"></a>SeleniumTest</h3><a name="com.qa.SeleniumTest"></a>
<table border="1" class="bodyTable">
<tr class="a">
<td><a href="#com.qa.SeleniumTest.removeCommentsTest"><img src="images/icon_error_sml.gif" alt="" /></a></td>
<td><a name="TC_com.qa.SeleniumTest.removeCommentsTest"></a><a href="#com.qa.SeleniumTest.removeCommentsTest">removeCommentsTest</a>
<div class="detailToggle" style="display:inline"><a href="javascript:toggleDisplay('com.qa.SeleniumTest.removeCommentsTest');"><span style="display:inline;" id="com.qa.SeleniumTest.removeCommentsTest-off"> + </span><span style="display:none;" id="com.qa.SeleniumTest.removeCommentsTest-on"> - </span>[ Detail ]</a></div></td>
<td>0.115</td></tr>
<tr class="b">
<td></td>
<td>The driver executable does not exist: /home/jonnersastle/ProjectAPI/C:\Users\Admin\Downloads\chromedriver_win32\chromedriver.exe</td>
<td></td></tr>
<tr class="a">
<td></td>
<td>
<div id="com.qa.SeleniumTest.removeCommentsTest-error" style="display:none;">
<div>
<pre>java.lang.IllegalStateException: The driver executable does not exist: /home/jonnersastle/ProjectAPI/C:\Users\Admin\Downloads\chromedriver_win32\chromedriver.exe
	at com.qa.SeleniumTest.setUp(SeleniumTest.java:25)
</pre></div></div></td>
<td></td></tr>
<tr class="b">
<td><a href="#com.qa.SeleniumTest.removeCommentsTest"><img src="images/icon_error_sml.gif" alt="" /></a></td>
<td><a name="TC_com.qa.SeleniumTest.removeCommentsTest"></a><a href="#com.qa.SeleniumTest.removeCommentsTest">removeCommentsTest</a>
<div class="detailToggle" style="display:inline"><a href="javascript:toggleDisplay('com.qa.SeleniumTest.removeCommentsTest');"><span style="display:inline;" id="com.qa.SeleniumTest.removeCommentsTest-off"> + </span><span style="display:none;" id="com.qa.SeleniumTest.removeCommentsTest-on"> - </span>[ Detail ]</a></div></td>
<td>0.117</td></tr>
<tr class="a">
<td></td>
<td></td>
<td></td></tr>
<tr class="b">
<td></td>
<td>
<div id="com.qa.SeleniumTest.removeCommentsTest-error" style="display:none;">
<div>
<pre>java.lang.NullPointerException
	at com.qa.SeleniumTest.tearDown(SeleniumTest.java:32)</pre></div></div></td>
<td></td></tr>
<tr class="a">
<td><a href="#com.qa.SeleniumTest.removeStarRatingTest"><img src="images/icon_error_sml.gif" alt="" /></a></td>
<td><a name="TC_com.qa.SeleniumTest.removeStarRatingTest"></a><a href="#com.qa.SeleniumTest.removeStarRatingTest">removeStarRatingTest</a>
<div class="detailToggle" style="display:inline"><a href="javascript:toggleDisplay('com.qa.SeleniumTest.removeStarRatingTest');"><span style="display:inline;" id="com.qa.SeleniumTest.removeStarRatingTest-off"> + </span><span style="display:none;" id="com.qa.SeleniumTest.removeStarRatingTest-on"> - </span>[ Detail ]</a></div></td>
<td>0.001</td></tr>
<tr class="b">
<td></td>
<td>The driver executable does not exist: /home/jonnersastle/ProjectAPI/C:\Users\Admin\Downloads\chromedriver_win32\chromedriver.exe</td>
<td></td></tr>
<tr class="a">
<td></td>
<td>
<div id="com.qa.SeleniumTest.removeStarRatingTest-error" style="display:none;">
<div>
<pre>java.lang.IllegalStateException: The driver executable does not exist: /home/jonnersastle/ProjectAPI/C:\Users\Admin\Downloads\chromedriver_win32\chromedriver.exe
	at com.qa.SeleniumTest.setUp(SeleniumTest.java:25)</pre></div></div></td>
<td></td></tr>
<tr class="b">
<td><a href="#com.qa.SeleniumTest.removeStarRatingTest"><img src="images/icon_error_sml.gif" alt="" /></a></td>
<td><a name="TC_com.qa.SeleniumTest.removeStarRatingTest"></a><a href="#com.qa.SeleniumTest.removeStarRatingTest">removeStarRatingTest</a>
<div class="detailToggle" style="display:inline"><a href="javascript:toggleDisplay('com.qa.SeleniumTest.removeStarRatingTest');"><span style="display:inline;" id="com.qa.SeleniumTest.removeStarRatingTest-off"> + </span><span style="display:none;" id="com.qa.SeleniumTest.removeStarRatingTest-on"> - </span>[ Detail ]</a></div></td>
<td>0.004</td></tr>
<tr class="a">
<td></td>
<td></td>
<td></td></tr>
<tr class="b">
<td></td>
<td>
<div id="com.qa.SeleniumTest.removeStarRatingTest-error" style="display:none;">
<div>
<pre>java.lang.NullPointerException
	at com.qa.SeleniumTest.tearDown(SeleniumTest.java:32)</pre></div></div></td>
<td></td></tr>
<tr class="a">
<td><a href="#com.qa.SeleniumTest.setCommentTest"><img src="images/icon_error_sml.gif" alt="" /></a></td>
<td><a name="TC_com.qa.SeleniumTest.setCommentTest"></a><a href="#com.qa.SeleniumTest.setCommentTest">setCommentTest</a>
<div class="detailToggle" style="display:inline"><a href="javascript:toggleDisplay('com.qa.SeleniumTest.setCommentTest');"><span style="display:inline;" id="com.qa.SeleniumTest.setCommentTest-off"> + </span><span style="display:none;" id="com.qa.SeleniumTest.setCommentTest-on"> - </span>[ Detail ]</a></div></td>
<td>0.002</td></tr>
<tr class="b">
<td></td>
<td>The driver executable does not exist: /home/jonnersastle/ProjectAPI/C:\Users\Admin\Downloads\chromedriver_win32\chromedriver.exe</td>
<td></td></tr>
<tr class="a">
<td></td>
<td>
<div id="com.qa.SeleniumTest.setCommentTest-error" style="display:none;">
<div>
<pre>java.lang.IllegalStateException: The driver executable does not exist: /home/jonnersastle/ProjectAPI/C:\Users\Admin\Downloads\chromedriver_win32\chromedriver.exe
	at com.qa.SeleniumTest.setUp(SeleniumTest.java:25)</pre></div></div></td>
<td></td></tr>
<tr class="b">
<td><a href="#com.qa.SeleniumTest.setCommentTest"><img src="images/icon_error_sml.gif" alt="" /></a></td>
<td><a name="TC_com.qa.SeleniumTest.setCommentTest"></a><a href="#com.qa.SeleniumTest.setCommentTest">setCommentTest</a>
<div class="detailToggle" style="display:inline"><a href="javascript:toggleDisplay('com.qa.SeleniumTest.setCommentTest');"><span style="display:inline;" id="com.qa.SeleniumTest.setCommentTest-off"> + </span><span style="display:none;" id="com.qa.SeleniumTest.setCommentTest-on"> - </span>[ Detail ]</a></div></td>
<td>0.003</td></tr>
<tr class="a">
<td></td>
<td></td>
<td></td></tr>
<tr class="b">
<td></td>
<td>
<div id="com.qa.SeleniumTest.setCommentTest-error" style="display:none;">
<div>
<pre>java.lang.NullPointerException
	at com.qa.SeleniumTest.tearDown(SeleniumTest.java:32)</pre></div></div></td>
<td></td></tr>
<tr class="a">
<td><a href="#com.qa.SeleniumTest.changeImageButtonsTest"><img src="images/icon_error_sml.gif" alt="" /></a></td>
<td><a name="TC_com.qa.SeleniumTest.changeImageButtonsTest"></a><a href="#com.qa.SeleniumTest.changeImageButtonsTest">changeImageButtonsTest</a>
<div class="detailToggle" style="display:inline"><a href="javascript:toggleDisplay('com.qa.SeleniumTest.changeImageButtonsTest');"><span style="display:inline;" id="com.qa.SeleniumTest.changeImageButtonsTest-off"> + </span><span style="display:none;" id="com.qa.SeleniumTest.changeImageButtonsTest-on"> - </span>[ Detail ]</a></div></td>
<td>0.002</td></tr>
<tr class="b">
<td></td>
<td>The driver executable does not exist: /home/jonnersastle/ProjectAPI/C:\Users\Admin\Downloads\chromedriver_win32\chromedriver.exe</td>
<td></td></tr>
<tr class="a">
<td></td>
<td>
<div id="com.qa.SeleniumTest.changeImageButtonsTest-error" style="display:none;">
<div>
<pre>java.lang.IllegalStateException: The driver executable does not exist: /home/jonnersastle/ProjectAPI/C:\Users\Admin\Downloads\chromedriver_win32\chromedriver.exe
	at com.qa.SeleniumTest.setUp(SeleniumTest.java:25)</pre></div></div></td>
<td></td></tr>
<tr class="b">
<td><a href="#com.qa.SeleniumTest.changeImageButtonsTest"><img src="images/icon_error_sml.gif" alt="" /></a></td>
<td><a name="TC_com.qa.SeleniumTest.changeImageButtonsTest"></a><a href="#com.qa.SeleniumTest.changeImageButtonsTest">changeImageButtonsTest</a>
<div class="detailToggle" style="display:inline"><a href="javascript:toggleDisplay('com.qa.SeleniumTest.changeImageButtonsTest');"><span style="display:inline;" id="com.qa.SeleniumTest.changeImageButtonsTest-off"> + </span><span style="display:none;" id="com.qa.SeleniumTest.changeImageButtonsTest-on"> - </span>[ Detail ]</a></div></td>
<td>0.002</td></tr>
<tr class="a">
<td></td>
<td></td>
<td></td></tr>
<tr class="b">
<td></td>
<td>
<div id="com.qa.SeleniumTest.changeImageButtonsTest-error" style="display:none;">
<div>
<pre>java.lang.NullPointerException
	at com.qa.SeleniumTest.tearDown(SeleniumTest.java:32)</pre></div></div></td>
<td></td></tr>
<tr class="a">
<td><a href="#com.qa.SeleniumTest.setStarRatingTest"><img src="images/icon_error_sml.gif" alt="" /></a></td>
<td><a name="TC_com.qa.SeleniumTest.setStarRatingTest"></a><a href="#com.qa.SeleniumTest.setStarRatingTest">setStarRatingTest</a>
<div class="detailToggle" style="display:inline"><a href="javascript:toggleDisplay('com.qa.SeleniumTest.setStarRatingTest');"><span style="display:inline;" id="com.qa.SeleniumTest.setStarRatingTest-off"> + </span><span style="display:none;" id="com.qa.SeleniumTest.setStarRatingTest-on"> - </span>[ Detail ]</a></div></td>
<td>0.002</td></tr>
<tr class="b">
<td></td>
<td>The driver executable does not exist: /home/jonnersastle/ProjectAPI/C:\Users\Admin\Downloads\chromedriver_win32\chromedriver.exe</td>
<td></td></tr>
<tr class="a">
<td></td>
<td>
<div id="com.qa.SeleniumTest.setStarRatingTest-error" style="display:none;">
<div>
<pre>java.lang.IllegalStateException: The driver executable does not exist: /home/jonnersastle/ProjectAPI/C:\Users\Admin\Downloads\chromedriver_win32\chromedriver.exe
	at com.qa.SeleniumTest.setUp(SeleniumTest.java:25)</pre></div></div></td>
<td></td></tr>
<tr class="b">
<td><a href="#com.qa.SeleniumTest.setStarRatingTest"><img src="images/icon_error_sml.gif" alt="" /></a></td>
<td><a name="TC_com.qa.SeleniumTest.setStarRatingTest"></a><a href="#com.qa.SeleniumTest.setStarRatingTest">setStarRatingTest</a>
<div class="detailToggle" style="display:inline"><a href="javascript:toggleDisplay('com.qa.SeleniumTest.setStarRatingTest');"><span style="display:inline;" id="com.qa.SeleniumTest.setStarRatingTest-off"> + </span><span style="display:none;" id="com.qa.SeleniumTest.setStarRatingTest-on"> - </span>[ Detail ]</a></div></td>
<td>0.002</td></tr>
<tr class="a">
<td></td>
<td></td>
<td></td></tr>
<tr class="b">
<td></td>
<td>
<div id="com.qa.SeleniumTest.setStarRatingTest-error" style="display:none;">
<div>
<pre>java.lang.NullPointerException
	at com.qa.SeleniumTest.tearDown(SeleniumTest.java:32)</pre></div></div></td>
<td></td></tr>
<tr class="a">
<td><a href="#com.qa.SeleniumTest.moveBetweenPagesTest"><img src="images/icon_error_sml.gif" alt="" /></a></td>
<td><a name="TC_com.qa.SeleniumTest.moveBetweenPagesTest"></a><a href="#com.qa.SeleniumTest.moveBetweenPagesTest">moveBetweenPagesTest</a>
<div class="detailToggle" style="display:inline"><a href="javascript:toggleDisplay('com.qa.SeleniumTest.moveBetweenPagesTest');"><span style="display:inline;" id="com.qa.SeleniumTest.moveBetweenPagesTest-off"> + </span><span style="display:none;" id="com.qa.SeleniumTest.moveBetweenPagesTest-on"> - </span>[ Detail ]</a></div></td>
<td>0.002</td></tr>
<tr class="b">
<td></td>
<td>The driver executable does not exist: /home/jonnersastle/ProjectAPI/C:\Users\Admin\Downloads\chromedriver_win32\chromedriver.exe</td>
<td></td></tr>
<tr class="a">
<td></td>
<td>
<div id="com.qa.SeleniumTest.moveBetweenPagesTest-error" style="display:none;">
<div>
<pre>java.lang.IllegalStateException: The driver executable does not exist: /home/jonnersastle/ProjectAPI/C:\Users\Admin\Downloads\chromedriver_win32\chromedriver.exe
	at com.qa.SeleniumTest.setUp(SeleniumTest.java:25)</pre></div></div></td>
<td></td></tr>
<tr class="b">
<td><a href="#com.qa.SeleniumTest.moveBetweenPagesTest"><img src="images/icon_error_sml.gif" alt="" /></a></td>
<td><a name="TC_com.qa.SeleniumTest.moveBetweenPagesTest"></a><a href="#com.qa.SeleniumTest.moveBetweenPagesTest">moveBetweenPagesTest</a>
<div class="detailToggle" style="display:inline"><a href="javascript:toggleDisplay('com.qa.SeleniumTest.moveBetweenPagesTest');"><span style="display:inline;" id="com.qa.SeleniumTest.moveBetweenPagesTest-off"> + </span><span style="display:none;" id="com.qa.SeleniumTest.moveBetweenPagesTest-on"> - </span>[ Detail ]</a></div></td>
<td>0.002</td></tr>
<tr class="a">
<td></td>
<td></td>
<td></td></tr>
<tr class="b">
<td></td>
<td>
<div id="com.qa.SeleniumTest.moveBetweenPagesTest-error" style="display:none;">
<div>
<pre>java.lang.NullPointerException
	at com.qa.SeleniumTest.tearDown(SeleniumTest.java:32)</pre></div></div></td>
<td></td></tr></table></div>
<div class="section">
<h3><a name="RatingControllerTest"></a>RatingControllerTest</h3><a name="com.qa.controllers.RatingControllerTest"></a>
<table border="1" class="bodyTable">
<tr class="a">
<td><img src="images/icon_success_sml.gif" alt="" /></td>
<td><a name="TC_com.qa.controllers.RatingControllerTest.testListAllRatings"></a>testListAllRatings</td>
<td>0.018</td></tr>
<tr class="b">
<td><img src="images/icon_success_sml.gif" alt="" /></td>
<td><a name="TC_com.qa.controllers.RatingControllerTest.testUpdateRating"></a>testUpdateRating</td>
<td>0.009</td></tr>
<tr class="a">
<td><img src="images/icon_success_sml.gif" alt="" /></td>
<td><a name="TC_com.qa.controllers.RatingControllerTest.testDeleteRating"></a>testDeleteRating</td>
<td>0.007</td></tr>
<tr class="b">
<td><img src="images/icon_success_sml.gif" alt="" /></td>
<td><a name="TC_com.qa.controllers.RatingControllerTest.testAddRating"></a>testAddRating</td>
<td>0.004</td></tr>
<tr class="a">
<td><img src="images/icon_success_sml.gif" alt="" /></td>
<td><a name="TC_com.qa.controllers.RatingControllerTest.testGetRating"></a>testGetRating</td>
<td>0.002</td></tr></table></div>
<div class="section">
<h3><a name="AppTest"></a>AppTest</h3><a name="com.qa.AppTest"></a>
<table border="1" class="bodyTable">
<tr class="a">
<td><img src="images/icon_success_sml.gif" alt="" /></td>
<td><a name="TC_com.qa.AppTest.shouldAnswerWithTrue"></a>shouldAnswerWithTrue</td>
<td>2.859</td></tr></table></div><br /></div>
<div class="section">
<h2><a name="Failure_Details"></a>Failure Details</h2><a name="Failure_Details"></a>
<p>[<a href="#Summary">Summary</a>] [<a href="#Package_List">Package List</a>] [<a href="#Test_Cases">Test Cases</a>]</p><br />
<table border="1" class="bodyTable">
<tr class="a">
<td><img src="images/icon_error_sml.gif" alt="" /></td>
<td><a name="com.qa.SeleniumTest.removeCommentsTest"></a>removeCommentsTest</td></tr>
<tr class="b">
<td></td>
<td>java.lang.IllegalStateException: The driver executable does not exist: /home/jonnersastle/ProjectAPI/C:\Users\Admin\Downloads\chromedriver_win32\chromedriver.exe</td></tr>
<tr class="a">
<td></td>
<td>
<div id="removeCommentsTest-error">com.qa.SeleniumTest:25</div></td></tr>
<tr class="b">
<td><img src="images/icon_error_sml.gif" alt="" /></td>
<td><a name="com.qa.SeleniumTest.removeCommentsTest"></a>removeCommentsTest</td></tr>
<tr class="a">
<td></td>
<td>java.lang.NullPointerException</td></tr>
<tr class="b">
<td></td>
<td>
<div id="removeCommentsTest-error">com.qa.SeleniumTest:32</div></td></tr>
<tr class="a">
<td><img src="images/icon_error_sml.gif" alt="" /></td>
<td><a name="com.qa.SeleniumTest.removeStarRatingTest"></a>removeStarRatingTest</td></tr>
<tr class="b">
<td></td>
<td>java.lang.IllegalStateException: The driver executable does not exist: /home/jonnersastle/ProjectAPI/C:\Users\Admin\Downloads\chromedriver_win32\chromedriver.exe</td></tr>
<tr class="a">
<td></td>
<td>
<div id="removeStarRatingTest-error">com.qa.SeleniumTest:25</div></td></tr>
<tr class="b">
<td><img src="images/icon_error_sml.gif" alt="" /></td>
<td><a name="com.qa.SeleniumTest.removeStarRatingTest"></a>removeStarRatingTest</td></tr>
<tr class="a">
<td></td>
<td>java.lang.NullPointerException</td></tr>
<tr class="b">
<td></td>
<td>
<div id="removeStarRatingTest-error">com.qa.SeleniumTest:32</div></td></tr>
<tr class="a">
<td><img src="images/icon_error_sml.gif" alt="" /></td>
<td><a name="com.qa.SeleniumTest.setCommentTest"></a>setCommentTest</td></tr>
<tr class="b">
<td></td>
<td>java.lang.IllegalStateException: The driver executable does not exist: /home/jonnersastle/ProjectAPI/C:\Users\Admin\Downloads\chromedriver_win32\chromedriver.exe</td></tr>
<tr class="a">
<td></td>
<td>
<div id="setCommentTest-error">com.qa.SeleniumTest:25</div></td></tr>
<tr class="b">
<td><img src="images/icon_error_sml.gif" alt="" /></td>
<td><a name="com.qa.SeleniumTest.setCommentTest"></a>setCommentTest</td></tr>
<tr class="a">
<td></td>
<td>java.lang.NullPointerException</td></tr>
<tr class="b">
<td></td>
<td>
<div id="setCommentTest-error">com.qa.SeleniumTest:32</div></td></tr>
<tr class="a">
<td><img src="images/icon_error_sml.gif" alt="" /></td>
<td><a name="com.qa.SeleniumTest.changeImageButtonsTest"></a>changeImageButtonsTest</td></tr>
<tr class="b">
<td></td>
<td>java.lang.IllegalStateException: The driver executable does not exist: /home/jonnersastle/ProjectAPI/C:\Users\Admin\Downloads\chromedriver_win32\chromedriver.exe</td></tr>
<tr class="a">
<td></td>
<td>
<div id="changeImageButtonsTest-error">com.qa.SeleniumTest:25</div></td></tr>
<tr class="b">
<td><img src="images/icon_error_sml.gif" alt="" /></td>
<td><a name="com.qa.SeleniumTest.changeImageButtonsTest"></a>changeImageButtonsTest</td></tr>
<tr class="a">
<td></td>
<td>java.lang.NullPointerException</td></tr>
<tr class="b">
<td></td>
<td>
<div id="changeImageButtonsTest-error">com.qa.SeleniumTest:32</div></td></tr>
<tr class="a">
<td><img src="images/icon_error_sml.gif" alt="" /></td>
<td><a name="com.qa.SeleniumTest.setStarRatingTest"></a>setStarRatingTest</td></tr>
<tr class="b">
<td></td>
<td>java.lang.IllegalStateException: The driver executable does not exist: /home/jonnersastle/ProjectAPI/C:\Users\Admin\Downloads\chromedriver_win32\chromedriver.exe</td></tr>
<tr class="a">
<td></td>
<td>
<div id="setStarRatingTest-error">com.qa.SeleniumTest:25</div></td></tr>
<tr class="b">
<td><img src="images/icon_error_sml.gif" alt="" /></td>
<td><a name="com.qa.SeleniumTest.setStarRatingTest"></a>setStarRatingTest</td></tr>
<tr class="a">
<td></td>
<td>java.lang.NullPointerException</td></tr>
<tr class="b">
<td></td>
<td>
<div id="setStarRatingTest-error">com.qa.SeleniumTest:32</div></td></tr>
<tr class="a">
<td><img src="images/icon_error_sml.gif" alt="" /></td>
<td><a name="com.qa.SeleniumTest.moveBetweenPagesTest"></a>moveBetweenPagesTest</td></tr>
<tr class="b">
<td></td>
<td>java.lang.IllegalStateException: The driver executable does not exist: /home/jonnersastle/ProjectAPI/C:\Users\Admin\Downloads\chromedriver_win32\chromedriver.exe</td></tr>
<tr class="a">
<td></td>
<td>
<div id="moveBetweenPagesTest-error">com.qa.SeleniumTest:25</div></td></tr>
<tr class="b">
<td><img src="images/icon_error_sml.gif" alt="" /></td>
<td><a name="com.qa.SeleniumTest.moveBetweenPagesTest"></a>moveBetweenPagesTest</td></tr>
<tr class="a">
<td></td>
<td>java.lang.NullPointerException</td></tr>
<tr class="b">
<td></td>
<td>
<div id="moveBetweenPagesTest-error">com.qa.SeleniumTest:32</div></td></tr></table><br /></div>
      </div>
    </div>
    <div class="clear">
      <hr/>
    </div>
    <div id="footer">
      <div class="xright">
        Copyright &#169;      2019 <a href="http://www.spring.io">Pivotal Software, Inc.</a>.
All rights reserved.      </div>
      <div class="clear">
        <hr/>
      </div>
    </div>
  </body>
</html>
